11-03 22:21:19 com_github_MitjaNemec_PlaceFootprints.action_place_footprints 647:Plugin executed on: 'linux'
11-03 22:21:19 com_github_MitjaNemec_PlaceFootprints.action_place_footprints 648:Plugin executed with python version: '3.12.7 (main, Oct  1 2024, 11:15:50) [GCC 14.2.1 20240910]'
11-03 22:21:19 com_github_MitjaNemec_PlaceFootprints.action_place_footprints 649:KiCad build version: 8.0.6
11-03 22:21:19 com_github_MitjaNemec_PlaceFootprints.action_place_footprints 650:Plugin version: 3.0.0
11-03 22:21:19 com_github_MitjaNemec_PlaceFootprints.action_place_footprints 651:Frame repr: <wx._core.Frame object at 0x7ef97f5eaf00>
11-03 22:21:19 com_github_MitjaNemec_PlaceFootprints.place_footprints 121:getting a list of all footprints on board
11-03 22:21:19 com_github_MitjaNemec_PlaceFootprints.place_footprints 156:Footprint REF** on root level
11-03 22:21:19 com_github_MitjaNemec_PlaceFootprints.place_footprints 156:Footprint C7 on root level
11-03 22:21:19 com_github_MitjaNemec_PlaceFootprints.place_footprints 156:Footprint RX_rs485 on root level
11-03 22:21:19 com_github_MitjaNemec_PlaceFootprints.place_footprints 156:Footprint J3 on root level
11-03 22:21:19 com_github_MitjaNemec_PlaceFootprints.place_footprints 156:Footprint C3 on root level
11-03 22:21:19 com_github_MitjaNemec_PlaceFootprints.place_footprints 156:Footprint R5 on root level
11-03 22:21:19 com_github_MitjaNemec_PlaceFootprints.place_footprints 156:Footprint U1 on root level
11-03 22:21:19 com_github_MitjaNemec_PlaceFootprints.place_footprints 156:Footprint C9 on root level
11-03 22:21:19 com_github_MitjaNemec_PlaceFootprints.place_footprints 156:Footprint Y2 on root level
11-03 22:21:19 com_github_MitjaNemec_PlaceFootprints.place_footprints 156:Footprint R7 on root level
11-03 22:21:19 com_github_MitjaNemec_PlaceFootprints.place_footprints 156:Footprint C18 on root level
11-03 22:21:19 com_github_MitjaNemec_PlaceFootprints.place_footprints 156:Footprint C6 on root level
11-03 22:21:19 com_github_MitjaNemec_PlaceFootprints.place_footprints 156:Footprint TxA1 on root level
11-03 22:21:19 com_github_MitjaNemec_PlaceFootprints.place_footprints 156:Footprint C12 on root level
11-03 22:21:19 com_github_MitjaNemec_PlaceFootprints.place_footprints 156:Footprint RxB1 on root level
11-03 22:21:19 com_github_MitjaNemec_PlaceFootprints.place_footprints 156:Footprint C10 on root level
11-03 22:21:19 com_github_MitjaNemec_PlaceFootprints.place_footprints 156:Footprint C11 on root level
11-03 22:21:19 com_github_MitjaNemec_PlaceFootprints.place_footprints 156:Footprint C5 on root level
11-03 22:21:19 com_github_MitjaNemec_PlaceFootprints.place_footprints 156:Footprint RxA1 on root level
11-03 22:21:19 com_github_MitjaNemec_PlaceFootprints.place_footprints 156:Footprint C14 on root level
11-03 22:21:19 com_github_MitjaNemec_PlaceFootprints.place_footprints 156:Footprint TX_rs485 on root level
11-03 22:21:19 com_github_MitjaNemec_PlaceFootprints.place_footprints 156:Footprint C13 on root level
11-03 22:21:19 com_github_MitjaNemec_PlaceFootprints.place_footprints 156:Footprint U8 on root level
11-03 22:21:19 com_github_MitjaNemec_PlaceFootprints.place_footprints 156:Footprint R9 on root level
11-03 22:21:19 com_github_MitjaNemec_PlaceFootprints.place_footprints 156:Footprint TxB1 on root level
11-03 22:21:19 com_github_MitjaNemec_PlaceFootprints.place_footprints 156:Footprint C4 on root level
11-03 22:21:19 com_github_MitjaNemec_PlaceFootprints.place_footprints 156:Footprint R1 on root level
11-03 22:21:19 com_github_MitjaNemec_PlaceFootprints.place_footprints 156:Footprint C8 on root level
11-03 22:21:19 com_github_MitjaNemec_PlaceFootprints.place_footprints 156:Footprint Q14 on root level
11-03 22:21:19 com_github_MitjaNemec_PlaceFootprints.place_footprints 156:Footprint Q15 on root level
11-03 22:21:19 com_github_MitjaNemec_PlaceFootprints.place_footprints 156:Footprint R16 on root level
11-03 22:21:19 com_github_MitjaNemec_PlaceFootprints.place_footprints 156:Footprint C17 on root level
11-03 22:21:19 com_github_MitjaNemec_PlaceFootprints.place_footprints 156:Footprint Q16 on root level
11-03 22:21:19 com_github_MitjaNemec_PlaceFootprints.place_footprints 156:Footprint R18 on root level
11-03 22:21:19 com_github_MitjaNemec_PlaceFootprints.place_footprints 156:Footprint R4 on root level
11-03 22:21:19 com_github_MitjaNemec_PlaceFootprints.place_footprints 156:Footprint Q3 on root level
11-03 22:21:19 com_github_MitjaNemec_PlaceFootprints.place_footprints 156:Footprint Q8 on root level
11-03 22:21:19 com_github_MitjaNemec_PlaceFootprints.place_footprints 156:Footprint R21 on root level
11-03 22:21:19 com_github_MitjaNemec_PlaceFootprints.place_footprints 156:Footprint Q2 on root level
11-03 22:21:19 com_github_MitjaNemec_PlaceFootprints.place_footprints 156:Footprint R24 on root level
11-03 22:21:19 com_github_MitjaNemec_PlaceFootprints.place_footprints 156:Footprint R15 on root level
11-03 22:21:19 com_github_MitjaNemec_PlaceFootprints.place_footprints 156:Footprint Q10 on root level
11-03 22:21:19 com_github_MitjaNemec_PlaceFootprints.place_footprints 156:Footprint U4 on root level
11-03 22:21:19 com_github_MitjaNemec_PlaceFootprints.place_footprints 156:Footprint R23 on root level
11-03 22:21:19 com_github_MitjaNemec_PlaceFootprints.place_footprints 156:Footprint Q11 on root level
11-03 22:21:19 com_github_MitjaNemec_PlaceFootprints.place_footprints 156:Footprint R17 on root level
11-03 22:21:19 com_github_MitjaNemec_PlaceFootprints.place_footprints 156:Footprint Q9 on root level
11-03 22:21:19 com_github_MitjaNemec_PlaceFootprints.place_footprints 156:Footprint R2 on root level
11-03 22:21:19 com_github_MitjaNemec_PlaceFootprints.place_footprints 156:Footprint Q4 on root level
11-03 22:21:19 com_github_MitjaNemec_PlaceFootprints.place_footprints 156:Footprint R14 on root level
11-03 22:21:19 com_github_MitjaNemec_PlaceFootprints.place_footprints 156:Footprint R22 on root level
11-03 22:21:19 com_github_MitjaNemec_PlaceFootprints.place_footprints 156:Footprint Q12 on root level
11-03 22:21:19 com_github_MitjaNemec_PlaceFootprints.place_footprints 156:Footprint C21 on root level
11-03 22:21:19 com_github_MitjaNemec_PlaceFootprints.place_footprints 156:Footprint R26 on root level
11-03 22:21:19 com_github_MitjaNemec_PlaceFootprints.place_footprints 156:Footprint Q13 on root level
11-03 22:21:19 com_github_MitjaNemec_PlaceFootprints.place_footprints 156:Footprint C20 on root level
11-03 22:21:19 com_github_MitjaNemec_PlaceFootprints.place_footprints 156:Footprint R8 on root level
11-03 22:21:19 com_github_MitjaNemec_PlaceFootprints.place_footprints 156:Footprint R25 on root level
11-03 22:21:19 com_github_MitjaNemec_PlaceFootprints.place_footprints 156:Footprint Q6 on root level
11-03 22:21:19 com_github_MitjaNemec_PlaceFootprints.place_footprints 156:Footprint R12 on root level
11-03 22:21:19 com_github_MitjaNemec_PlaceFootprints.place_footprints 156:Footprint R19 on root level
11-03 22:21:19 com_github_MitjaNemec_PlaceFootprints.place_footprints 156:Footprint R3 on root level
11-03 22:21:19 com_github_MitjaNemec_PlaceFootprints.place_footprints 156:Footprint Q7 on root level
11-03 22:21:19 com_github_MitjaNemec_PlaceFootprints.place_footprints 156:Footprint U3 on root level
11-03 22:21:19 com_github_MitjaNemec_PlaceFootprints.place_footprints 156:Footprint R20 on root level
11-03 22:21:19 com_github_MitjaNemec_PlaceFootprints.place_footprints 156:Footprint Q17 on root level
11-03 22:21:19 com_github_MitjaNemec_PlaceFootprints.place_footprints 156:Footprint Q5 on root level
11-03 22:21:19 com_github_MitjaNemec_PlaceFootprints.place_footprints 156:Footprint R13 on root level
11-03 22:21:19 com_github_MitjaNemec_PlaceFootprints.place_footprints 156:Footprint U6 on root level
11-03 22:21:20 com_github_MitjaNemec_PlaceFootprints.action_place_footprints 830:Reference designator is: REF**
11-03 22:21:20 com_github_MitjaNemec_PlaceFootprints.action_place_footprints 831:Reference number is: 
